<?xml version="1.0" encoding="UTF-8"?>
<!-- Generated by org.testng.reporters.JUnitXMLReporter -->
<testsuite hostname="ITSTPER" ignored="0" name="Command line test" tests="1" failures="0" timestamp="2022-11-12T19:36:27 EET" time="0.208" errors="0">
  <testcase name="@BeforeClass start" time="0.15" classname="validatingsigninwithchrome.BaseTest">
    <failure type="java.lang.IllegalStateException" message="The driver executable does not exist: D:\aUTOMATION sTUDY\Github\Test">
      <![CDATA[java.lang.IllegalStateException: The driver executable does not exist: D:\aUTOMATION sTUDY\Github\Test
at com.google.common.base.Preconditions.checkState(Preconditions.java:534)
at org.openqa.selenium.remote.service.DriverService.checkExecutable(DriverService.java:136)
at org.openqa.selenium.remote.service.DriverService.findExecutable(DriverService.java:131)
at org.openqa.selenium.chrome.ChromeDriverService.access$000(ChromeDriverService.java:32)
at org.openqa.selenium.chrome.ChromeDriverService$Builder.findDefaultExecutable(ChromeDriverService.java:137)
at org.openqa.selenium.remote.service.DriverService$Builder.build(DriverService.java:339)
at org.openqa.selenium.chrome.ChromeDriverService.createDefaultService(ChromeDriverService.java:88)
at org.openqa.selenium.chrome.ChromeDriver.<init>(ChromeDriver.java:123)
at validatingsigninwithchrome.BaseTest.start(BaseTest.java:17)
at java.util.ArrayList.forEach(ArrayList.java:1257)
... Removed 34 stack frames]]>
    </failure>
  </testcase> <!-- @BeforeClass start -->
  <testcase name="@AfterClass close" time="-1.668274587653E9" classname="validatingsigninwithchrome.BaseTest">
    <skipped/>
  </testcase> <!-- @AfterClass close -->
  <testcase name="navigateToSignPage" time="0.0" classname="validatingsigninwithchrome.BaseTest">
    <skipped/>
  </testcase> <!-- navigateToSignPage -->
</testsuite> <!-- Command line test -->
