-------------------------------------------------------------------------------
Test set: validatingsigninwithchrome.BaseTest
-------------------------------------------------------------------------------
Tests run: 3, Failures: 1, Errors: 0, Skipped: 2, Time elapsed: 1.535 sec <<< FAILURE!
start(validatingsigninwithchrome.BaseTest)  Time elapsed: 1.296 sec  <<< FAILURE!
java.lang.IllegalStateException: The driver executable does not exist: D:\aUTOMATION sTUDY\Github\Test
	at com.google.common.base.Preconditions.checkState(Preconditions.java:534)
	at org.openqa.selenium.remote.service.DriverService.checkExecutable(DriverService.java:136)
	at org.openqa.selenium.remote.service.DriverService.findExecutable(DriverService.java:131)
	at org.openqa.selenium.chrome.ChromeDriverService.access$000(ChromeDriverService.java:32)
	at org.openqa.selenium.chrome.ChromeDriverService$Builder.findDefaultExecutable(ChromeDriverService.java:137)
	at org.openqa.selenium.remote.service.DriverService$Builder.build(DriverService.java:339)
	at org.openqa.selenium.chrome.ChromeDriverService.createDefaultService(ChromeDriverService.java:88)
	at org.openqa.selenium.chrome.ChromeDriver.<init>(ChromeDriver.java:123)
	at validatingsigninwithchrome.BaseTest.start(BaseTest.java:17)

